# JRE version: OpenJDK Runtime Environment Corretto-11.0.11.9.1 (11.0.11+9) (build 11.0.11+9-LTS)
# Java VM: OpenJDK 64-Bit Server VM Corretto-11.0.11.9.1 (11.0.11+9-LTS, mixed mode, tiered, compressed oops, g1 gc, windows-amd64)
Heap:
 garbage-first heap   total 369664K, used 194046K [0x00000000e0000000, 0x0000000100000000)
  region size 1024K, 10 young (10240K), 3 survivors (3072K)
 Metaspace       used 166334K, capacity 171581K, committed 171820K, reserved 403456K
  class space    used 20507K, capacity 22577K, committed 22656K, reserved 253952K
GC Heap History (20 events):
Event: 3532.484 GC heap after
{Heap after GC invocations=110 (full 0):
 garbage-first heap   total 369664K, used 178826K [0x00000000e0000000, 0x0000000100000000)
  region size 1024K, 5 young (5120K), 5 survivors (5120K)
 Metaspace       used 166110K, capacity 171406K, committed 171564K, reserved 403456K
  class space    used 20497K, capacity 22573K, committed 22656K, reserved 253952K
}
Event: 3532.564 GC heap before
{Heap before GC invocations=110 (full 0):
 garbage-first heap   total 369664K, used 192138K [0x00000000e0000000, 0x0000000100000000)
  region size 1024K, 18 young (18432K), 5 survivors (5120K)
 Metaspace       used 166111K, capacity 171407K, committed 171564K, reserved 403456K
  class space    used 20497K, capacity 22573K, committed 22656K, reserved 253952K
}
Event: 3532.591 GC heap after
{Heap after GC invocations=111 (full 0):
 garbage-first heap   total 369664K, used 174211K [0x00000000e0000000, 0x0000000100000000)
  region size 1024K, 1 young (1024K), 1 survivors (1024K)
 Metaspace       used 166111K, capacity 171407K, committed 171564K, reserved 403456K
  class space    used 20497K, capacity 22573K, committed 22656K, reserved 253952K
}
Event: 3533.374 GC heap before
{Heap before GC invocations=111 (full 0):
 garbage-first heap   total 369664K, used 307331K [0x00000000e0000000, 0x0000000100000000)
  region size 1024K, 131 young (134144K), 1 survivors (1024K)
 Metaspace       used 166123K, capacity 171407K, committed 171564K, reserved 403456K
  class space    used 20497K, capacity 22573K, committed 22656K, reserved 253952K
}
Event: 3533.388 GC heap after
{Heap after GC invocations=112 (full 0):
 garbage-first heap   total 369664K, used 176570K [0x00000000e0000000, 0x0000000100000000)
  region size 1024K, 4 young (4096K), 4 survivors (4096K)
 Metaspace       used 166123K, capacity 171407K, committed 171564K, reserved 403456K
  class space    used 20497K, capacity 22573K, committed 22656K, reserved 253952K
}
Event: 3534.805 GC heap before
{Heap before GC invocations=113 (full 0):
 garbage-first heap   total 369664K, used 309690K [0x00000000e0000000, 0x0000000100000000)
  region size 1024K, 134 young (137216K), 4 survivors (4096K)
 Metaspace       used 166128K, capacity 171407K, committed 171564K, reserved 403456K
  class space    used 20497K, capacity 22573K, committed 22656K, reserved 253952K
}
Event: 3534.818 GC heap after
{Heap after GC invocations=114 (full 0):
 garbage-first heap   total 369664K, used 177884K [0x00000000e0000000, 0x0000000100000000)
  region size 1024K, 5 young (5120K), 5 survivors (5120K)
 Metaspace       used 166128K, capacity 171407K, committed 171564K, reserved 403456K
  class space    used 20497K, capacity 22573K, committed 22656K, reserved 253952K
}
Event: 3534.886 GC heap before
{Heap before GC invocations=114 (full 0):
 garbage-first heap   total 369664K, used 191196K [0x00000000e0000000, 0x0000000100000000)
  region size 1024K, 18 young (18432K), 5 survivors (5120K)
 Metaspace       used 166128K, capacity 171407K, committed 171564K, reserved 403456K
  class space    used 20497K, capacity 22573K, committed 22656K, reserved 253952K
}
Event: 3534.908 GC heap after
{Heap after GC invocations=115 (full 0):
 garbage-first heap   total 369664K, used 175429K [0x00000000e0000000, 0x0000000100000000)
  region size 1024K, 1 young (1024K), 1 survivors (1024K)
 Metaspace       used 166128K, capacity 171407K, committed 171564K, reserved 403456K
  class space    used 20497K, capacity 22573K, committed 22656K, reserved 253952K
}
Event: 3535.607 GC heap before
{Heap before GC invocations=115 (full 0):
 garbage-first heap   total 369664K, used 311621K [0x00000000e0000000, 0x0000000100000000)
  region size 1024K, 134 young (137216K), 1 survivors (1024K)
 Metaspace       used 166168K, capacity 171413K, committed 171564K, reserved 403456K
  class space    used 20505K, capacity 22575K, committed 22656K, reserved 253952K
}
Event: 3535.619 GC heap after
{Heap after GC invocations=116 (full 0):
 garbage-first heap   total 369664K, used 177091K [0x00000000e0000000, 0x0000000100000000)
  region size 1024K, 3 young (3072K), 3 survivors (3072K)
 Metaspace       used 166168K, capacity 171413K, committed 171564K, reserved 403456K
  class space    used 20505K, capacity 22575K, committed 22656K, reserved 253952K
}
Event: 3536.894 GC heap before
{Heap before GC invocations=117 (full 0):
 garbage-first heap   total 369664K, used 314307K [0x00000000e0000000, 0x0000000100000000)
  region size 1024K, 137 young (140288K), 3 survivors (3072K)
 Metaspace       used 166184K, capacity 171477K, committed 171820K, reserved 403456K
  class space    used 20505K, capacity 22575K, committed 22656K, reserved 253952K
}
Event: 3536.907 GC heap after
{Heap after GC invocations=118 (full 0):
 garbage-first heap   total 369664K, used 178599K [0x00000000e0000000, 0x0000000100000000)
  region size 1024K, 4 young (4096K), 4 survivors (4096K)
 Metaspace       used 166184K, capacity 171477K, committed 171820K, reserved 403456K
  class space    used 20505K, capacity 22575K, committed 22656K, reserved 253952K
}
Event: 3537.012 GC heap before
{Heap before GC invocations=118 (full 0):
 garbage-first heap   total 369664K, used 192935K [0x00000000e0000000, 0x0000000100000000)
  region size 1024K, 18 young (18432K), 4 survivors (4096K)
 Metaspace       used 166184K, capacity 171477K, committed 171820K, reserved 403456K
  class space    used 20505K, capacity 22575K, committed 22656K, reserved 253952K
}
Event: 3537.026 GC heap after
{Heap after GC invocations=119 (full 0):
 garbage-first heap   total 369664K, used 177197K [0x00000000e0000000, 0x0000000100000000)
  region size 1024K, 1 young (1024K), 1 survivors (1024K)
 Metaspace       used 166184K, capacity 171477K, committed 171820K, reserved 403456K
  class space    used 20505K, capacity 22575K, committed 22656K, reserved 253952K
}
Event: 3537.537 GC heap before
{Heap before GC invocations=119 (full 0):
 garbage-first heap   total 369664K, used 261165K [0x00000000e0000000, 0x0000000100000000)
  region size 1024K, 84 young (86016K), 1 survivors (1024K)
 Metaspace       used 166284K, capacity 171572K, committed 171820K, reserved 403456K
  class space    used 20505K, capacity 22575K, committed 22656K, reserved 253952K
}
Event: 3537.560 GC heap after
{Heap after GC invocations=120 (full 0):
 garbage-first heap   total 369664K, used 180694K [0x00000000e0000000, 0x0000000100000000)
  region size 1024K, 5 young (5120K), 5 survivors (5120K)
 Metaspace       used 166284K, capacity 171572K, committed 171820K, reserved 403456K
  class space    used 20505K, capacity 22575K, committed 22656K, reserved 253952K
}
Event: 3538.950 GC heap before
{Heap before GC invocations=121 (full 0):
 garbage-first heap   total 369664K, used 310742K [0x00000000e0000000, 0x0000000100000000)
  region size 1024K, 132 young (135168K), 5 survivors (5120K)
 Metaspace       used 166333K, capacity 171581K, committed 171820K, reserved 403456K
  class space    used 20507K, capacity 22577K, committed 22656K, reserved 253952K
}
Event: 3538.970 GC heap after
{Heap after GC invocations=122 (full 0):
 garbage-first heap   total 369664K, used 186878K [0x00000000e0000000, 0x0000000100000000)
  region size 1024K, 11 young (11264K), 11 survivors (11264K)
 Metaspace       used 166333K, capacity 171581K, committed 171820K, reserved 403456K
  class space    used 20507K, capacity 22577K, committed 22656K, reserved 253952K
}
Event: 3539.011 GC heap before
{Heap before GC invocations=122 (full 0):
 garbage-first heap   total 369664K, used 193022K [0x00000000e0000000, 0x0000000100000000)
  region size 1024K, 18 young (18432K), 11 survivors (11264K)
 Metaspace       used 166334K, capacity 171581K, committed 171820K, reserved 403456K
  class space    used 20507K, capacity 22577K, committed 22656K, reserved 253952K
}

