# JRE version: OpenJDK Runtime Environment Corretto-11.0.11.9.1 (11.0.11+9) (build 11.0.11+9-LTS)
# Java VM: OpenJDK 64-Bit Server VM Corretto-11.0.11.9.1 (11.0.11+9-LTS, mixed mode, tiered, compressed oops, g1 gc, windows-amd64)
Heap:
 garbage-first heap   total 262144K, used 199680K [0x00000000e0000000, 0x0000000100000000)
  region size 1024K, 121 young (123904K), 8 survivors (8192K)
 Metaspace       used 90414K, capacity 93187K, committed 93436K, reserved 335872K
  class space    used 11595K, capacity 12703K, committed 12748K, reserved 253952K
GC Heap History (20 events):
Event: 8.234 GC heap before
{Heap before GC invocations=3 (full 0):
 garbage-first heap   total 262144K, used 54786K [0x00000000e0000000, 0x0000000100000000)
  region size 1024K, 45 young (46080K), 4 survivors (4096K)
 Metaspace       used 18684K, capacity 19068K, committed 19328K, reserved 272384K
  class space    used 2264K, capacity 2405K, committed 2432K, reserved 253952K
}
Event: 8.242 GC heap after
{Heap after GC invocations=4 (full 0):
 garbage-first heap   total 262144K, used 15939K [0x00000000e0000000, 0x0000000100000000)
  region size 1024K, 3 young (3072K), 3 survivors (3072K)
 Metaspace       used 18684K, capacity 19068K, committed 19328K, reserved 272384K
  class space    used 2264K, capacity 2405K, committed 2432K, reserved 253952K
}
Event: 8.509 GC heap before
{Heap before GC invocations=4 (full 0):
 garbage-first heap   total 262144K, used 27203K [0x00000000e0000000, 0x0000000100000000)
  region size 1024K, 15 young (15360K), 3 survivors (3072K)
 Metaspace       used 20711K, capacity 21159K, committed 21296K, reserved 274432K
  class space    used 2562K, capacity 2724K, committed 2816K, reserved 253952K
}
Event: 8.515 GC heap after
{Heap after GC invocations=5 (full 0):
 garbage-first heap   total 262144K, used 16482K [0x00000000e0000000, 0x0000000100000000)
  region size 1024K, 4 young (4096K), 4 survivors (4096K)
 Metaspace       used 20711K, capacity 21159K, committed 21296K, reserved 274432K
  class space    used 2562K, capacity 2724K, committed 2816K, reserved 253952K
}
Event: 10.039 GC heap before
{Heap before GC invocations=6 (full 0):
 garbage-first heap   total 262144K, used 70754K [0x00000000e0000000, 0x0000000100000000)
  region size 1024K, 58 young (59392K), 4 survivors (4096K)
 Metaspace       used 26572K, capacity 27207K, committed 27264K, reserved 278528K
  class space    used 3475K, capacity 3702K, committed 3712K, reserved 253952K
}
Event: 10.048 GC heap after
{Heap after GC invocations=7 (full 0):
 garbage-first heap   total 262144K, used 18461K [0x00000000e0000000, 0x0000000100000000)
  region size 1024K, 6 young (6144K), 6 survivors (6144K)
 Metaspace       used 26572K, capacity 27207K, committed 27264K, reserved 278528K
  class space    used 3475K, capacity 3702K, committed 3712K, reserved 253952K
}
Event: 11.494 GC heap before
{Heap before GC invocations=7 (full 0):
 garbage-first heap   total 262144K, used 67613K [0x00000000e0000000, 0x0000000100000000)
  region size 1024K, 53 young (54272K), 6 survivors (6144K)
 Metaspace       used 35124K, capacity 35701K, committed 35840K, reserved 286720K
  class space    used 4507K, capacity 4743K, committed 4864K, reserved 253952K
}
Event: 11.511 GC heap after
{Heap after GC invocations=8 (full 0):
 garbage-first heap   total 262144K, used 24200K [0x00000000e0000000, 0x0000000100000000)
  region size 1024K, 9 young (9216K), 9 survivors (9216K)
 Metaspace       used 35124K, capacity 35701K, committed 35840K, reserved 286720K
  class space    used 4507K, capacity 4743K, committed 4864K, reserved 253952K
}
Event: 18.071 GC heap before
{Heap before GC invocations=9 (full 0):
 garbage-first heap   total 262144K, used 169608K [0x00000000e0000000, 0x0000000100000000)
  region size 1024K, 151 young (154624K), 9 survivors (9216K)
 Metaspace       used 44527K, capacity 45559K, committed 45724K, reserved 294912K
  class space    used 5696K, capacity 6137K, committed 6144K, reserved 253952K
}
Event: 18.102 GC heap after
{Heap after GC invocations=10 (full 0):
 garbage-first heap   total 262144K, used 29168K [0x00000000e0000000, 0x0000000100000000)
  region size 1024K, 16 young (16384K), 16 survivors (16384K)
 Metaspace       used 44527K, capacity 45559K, committed 45724K, reserved 294912K
  class space    used 5696K, capacity 6137K, committed 6144K, reserved 253952K
}
Event: 20.798 GC heap before
{Heap before GC invocations=11 (full 0):
 garbage-first heap   total 262144K, used 172528K [0x00000000e0000000, 0x0000000100000000)
  region size 1024K, 153 young (156672K), 16 survivors (16384K)
 Metaspace       used 59710K, capacity 61143K, committed 61340K, reserved 307200K
  class space    used 7549K, capacity 8116K, committed 8192K, reserved 253952K
}
Event: 20.835 GC heap after
{Heap after GC invocations=12 (full 0):
 garbage-first heap   total 262144K, used 44645K [0x00000000e0000000, 0x0000000100000000)
  region size 1024K, 20 young (20480K), 20 survivors (20480K)
 Metaspace       used 59710K, capacity 61143K, committed 61340K, reserved 307200K
  class space    used 7549K, capacity 8116K, committed 8192K, reserved 253952K
}
Event: 25.417 GC heap before
{Heap before GC invocations=12 (full 0):
 garbage-first heap   total 262144K, used 180837K [0x00000000e0000000, 0x0000000100000000)
  region size 1024K, 153 young (156672K), 20 survivors (20480K)
 Metaspace       used 67727K, capacity 69578K, committed 69916K, reserved 315392K
  class space    used 8786K, capacity 9512K, committed 9600K, reserved 253952K
}
Event: 25.464 GC heap after
{Heap after GC invocations=13 (full 0):
 garbage-first heap   total 262144K, used 57194K [0x00000000e0000000, 0x0000000100000000)
  region size 1024K, 14 young (14336K), 14 survivors (14336K)
 Metaspace       used 67727K, capacity 69578K, committed 69916K, reserved 315392K
  class space    used 8786K, capacity 9512K, committed 9600K, reserved 253952K
}
Event: 27.206 GC heap before
{Heap before GC invocations=13 (full 0):
 garbage-first heap   total 262144K, used 130922K [0x00000000e0000000, 0x0000000100000000)
  region size 1024K, 87 young (89088K), 14 survivors (14336K)
 Metaspace       used 73852K, capacity 76095K, committed 76208K, reserved 321536K
  class space    used 9683K, capacity 10558K, committed 10624K, reserved 253952K
}
Event: 27.253 GC heap after
{Heap after GC invocations=14 (full 0):
 garbage-first heap   total 262144K, used 66048K [0x00000000e0000000, 0x0000000100000000)
  region size 1024K, 9 young (9216K), 9 survivors (9216K)
 Metaspace       used 73852K, capacity 76095K, committed 76208K, reserved 321536K
  class space    used 9683K, capacity 10558K, committed 10624K, reserved 253952K
}
Event: 31.546 GC heap before
{Heap before GC invocations=15 (full 0):
 garbage-first heap   total 262144K, used 199168K [0x00000000e0000000, 0x0000000100000000)
  region size 1024K, 140 young (143360K), 9 survivors (9216K)
 Metaspace       used 78689K, capacity 81109K, committed 81276K, reserved 325632K
  class space    used 10289K, capacity 11277K, committed 11340K, reserved 253952K
}
Event: 31.595 GC heap after
{Heap after GC invocations=16 (full 0):
 garbage-first heap   total 262144K, used 76800K [0x00000000e0000000, 0x0000000100000000)
  region size 1024K, 18 young (18432K), 18 survivors (18432K)
 Metaspace       used 78689K, capacity 81109K, committed 81276K, reserved 325632K
  class space    used 10289K, capacity 11277K, committed 11340K, reserved 253952K
}
Event: 34.968 GC heap before
{Heap before GC invocations=17 (full 0):
 garbage-first heap   total 262144K, used 201728K [0x00000000e0000000, 0x0000000100000000)
  region size 1024K, 141 young (144384K), 18 survivors (18432K)
 Metaspace       used 80870K, capacity 83469K, committed 83836K, reserved 327680K
  class space    used 10445K, capacity 11471K, committed 11596K, reserved 253952K
}
Event: 35.012 GC heap after
{Heap after GC invocations=18 (full 0):
 garbage-first heap   total 262144K, used 83968K [0x00000000e0000000, 0x0000000100000000)
  region size 1024K, 8 young (8192K), 8 survivors (8192K)
 Metaspace       used 80870K, capacity 83469K, committed 83836K, reserved 327680K
  class space    used 10445K, capacity 11471K, committed 11596K, reserved 253952K
}

