# JRE version: OpenJDK Runtime Environment Corretto-11.0.11.9.1 (11.0.11+9) (build 11.0.11+9-LTS)
# Java VM: OpenJDK 64-Bit Server VM Corretto-11.0.11.9.1 (11.0.11+9-LTS, mixed mode, tiered, compressed oops, g1 gc, windows-amd64)
Heap:
 garbage-first heap   total 262144K, used 60928K [0x00000000e0000000, 0x0000000100000000)
  region size 1024K, 6 young (6144K), 4 survivors (4096K)
 Metaspace       used 74589K, capacity 76532K, committed 76844K, reserved 321536K
  class space    used 9797K, capacity 10532K, committed 10624K, reserved 253952K
GC Heap History (20 events):
Event: 5.851 GC heap before
{Heap before GC invocations=1 (full 0):
 garbage-first heap   total 262144K, used 19268K [0x00000000e0000000, 0x0000000100000000)
  region size 1024K, 13 young (13312K), 2 survivors (2048K)
 Metaspace       used 10510K, capacity 10709K, committed 11008K, reserved 264192K
  class space    used 1100K, capacity 1164K, committed 1280K, reserved 253952K
}
Event: 5.856 GC heap after
{Heap after GC invocations=2 (full 0):
 garbage-first heap   total 262144K, used 8593K [0x00000000e0000000, 0x0000000100000000)
  region size 1024K, 1 young (1024K), 1 survivors (1024K)
 Metaspace       used 10510K, capacity 10709K, committed 11008K, reserved 264192K
  class space    used 1100K, capacity 1164K, committed 1280K, reserved 253952K
}
Event: 19.294 GC heap before
{Heap before GC invocations=2 (full 0):
 garbage-first heap   total 262144K, used 35217K [0x00000000e0000000, 0x0000000100000000)
  region size 1024K, 28 young (28672K), 1 survivors (1024K)
 Metaspace       used 10645K, capacity 10837K, committed 11008K, reserved 264192K
  class space    used 1101K, capacity 1164K, committed 1280K, reserved 253952K
}
Event: 19.298 GC heap after
{Heap after GC invocations=3 (full 0):
 garbage-first heap   total 262144K, used 12781K [0x00000000e0000000, 0x0000000100000000)
  region size 1024K, 4 young (4096K), 4 survivors (4096K)
 Metaspace       used 10645K, capacity 10837K, committed 11008K, reserved 264192K
  class space    used 1101K, capacity 1164K, committed 1280K, reserved 253952K
}
Event: 36.474 GC heap before
{Heap before GC invocations=3 (full 0):
 garbage-first heap   total 262144K, used 52717K [0x00000000e0000000, 0x0000000100000000)
  region size 1024K, 43 young (44032K), 4 survivors (4096K)
 Metaspace       used 18433K, capacity 18750K, committed 19072K, reserved 272384K
  class space    used 2216K, capacity 2339K, committed 2432K, reserved 253952K
}
Event: 36.484 GC heap after
{Heap after GC invocations=4 (full 0):
 garbage-first heap   total 262144K, used 15921K [0x00000000e0000000, 0x0000000100000000)
  region size 1024K, 3 young (3072K), 3 survivors (3072K)
 Metaspace       used 18433K, capacity 18750K, committed 19072K, reserved 272384K
  class space    used 2216K, capacity 2339K, committed 2432K, reserved 253952K
}
Event: 37.937 GC heap before
{Heap before GC invocations=4 (full 0):
 garbage-first heap   total 262144K, used 30257K [0x00000000e0000000, 0x0000000100000000)
  region size 1024K, 18 young (18432K), 3 survivors (3072K)
 Metaspace       used 20619K, capacity 21066K, committed 21248K, reserved 272384K
  class space    used 2535K, capacity 2690K, committed 2816K, reserved 253952K
}
Event: 37.963 GC heap after
{Heap after GC invocations=5 (full 0):
 garbage-first heap   total 262144K, used 16522K [0x00000000e0000000, 0x0000000100000000)
  region size 1024K, 4 young (4096K), 4 survivors (4096K)
 Metaspace       used 20619K, capacity 21066K, committed 21248K, reserved 272384K
  class space    used 2535K, capacity 2690K, committed 2816K, reserved 253952K
}
Event: 41.444 GC heap before
{Heap before GC invocations=6 (full 0):
 garbage-first heap   total 262144K, used 70794K [0x00000000e0000000, 0x0000000100000000)
  region size 1024K, 57 young (58368K), 4 survivors (4096K)
 Metaspace       used 26384K, capacity 26978K, committed 27264K, reserved 278528K
  class space    used 3450K, capacity 3666K, committed 3712K, reserved 253952K
}
Event: 41.456 GC heap after
{Heap after GC invocations=7 (full 0):
 garbage-first heap   total 262144K, used 18515K [0x00000000e0000000, 0x0000000100000000)
  region size 1024K, 6 young (6144K), 6 survivors (6144K)
 Metaspace       used 26384K, capacity 26978K, committed 27264K, reserved 278528K
  class space    used 3450K, capacity 3666K, committed 3712K, reserved 253952K
}
Event: 44.722 GC heap before
{Heap before GC invocations=7 (full 0):
 garbage-first heap   total 262144K, used 69715K [0x00000000e0000000, 0x0000000100000000)
  region size 1024K, 55 young (56320K), 6 survivors (6144K)
 Metaspace       used 35091K, capacity 35710K, committed 35840K, reserved 286720K
  class space    used 4509K, capacity 4743K, committed 4864K, reserved 253952K
}
Event: 44.738 GC heap after
{Heap after GC invocations=8 (full 0):
 garbage-first heap   total 262144K, used 24237K [0x00000000e0000000, 0x0000000100000000)
  region size 1024K, 9 young (9216K), 9 survivors (9216K)
 Metaspace       used 35091K, capacity 35710K, committed 35840K, reserved 286720K
  class space    used 4509K, capacity 4743K, committed 4864K, reserved 253952K
}
Event: 52.833 GC heap before
{Heap before GC invocations=9 (full 0):
 garbage-first heap   total 262144K, used 171693K [0x00000000e0000000, 0x0000000100000000)
  region size 1024K, 153 young (156672K), 9 survivors (9216K)
 Metaspace       used 44560K, capacity 45673K, committed 45952K, reserved 294912K
  class space    used 5697K, capacity 6148K, committed 6272K, reserved 253952K
}
Event: 52.869 GC heap after
{Heap after GC invocations=10 (full 0):
 garbage-first heap   total 262144K, used 29226K [0x00000000e0000000, 0x0000000100000000)
  region size 1024K, 16 young (16384K), 16 survivors (16384K)
 Metaspace       used 44560K, capacity 45673K, committed 45952K, reserved 294912K
  class space    used 5697K, capacity 6148K, committed 6272K, reserved 253952K
}
Event: 64.201 GC heap before
{Heap before GC invocations=11 (full 0):
 garbage-first heap   total 262144K, used 172586K [0x00000000e0000000, 0x0000000100000000)
  region size 1024K, 153 young (156672K), 16 survivors (16384K)
 Metaspace       used 60400K, capacity 61927K, committed 62080K, reserved 309248K
  class space    used 7632K, capacity 8252K, committed 8320K, reserved 253952K
}
Event: 64.242 GC heap after
{Heap after GC invocations=12 (full 0):
 garbage-first heap   total 262144K, used 45539K [0x00000000e0000000, 0x0000000100000000)
  region size 1024K, 20 young (20480K), 20 survivors (20480K)
 Metaspace       used 60400K, capacity 61927K, committed 62080K, reserved 309248K
  class space    used 7632K, capacity 8252K, committed 8320K, reserved 253952K
}
Event: 71.207 GC heap before
{Heap before GC invocations=12 (full 0):
 garbage-first heap   total 262144K, used 181731K [0x00000000e0000000, 0x0000000100000000)
  region size 1024K, 153 young (156672K), 20 survivors (20480K)
 Metaspace       used 71184K, capacity 73003K, committed 73344K, reserved 317440K
  class space    used 9292K, capacity 10002K, committed 10112K, reserved 253952K
}
Event: 71.254 GC heap after
{Heap after GC invocations=13 (full 0):
 garbage-first heap   total 262144K, used 55202K [0x00000000e0000000, 0x0000000100000000)
  region size 1024K, 10 young (10240K), 10 survivors (10240K)
 Metaspace       used 71184K, capacity 73003K, committed 73344K, reserved 317440K
  class space    used 9292K, capacity 10002K, committed 10112K, reserved 253952K
}
Event: 73.054 GC heap before
{Heap before GC invocations=13 (full 0):
 garbage-first heap   total 262144K, used 93090K [0x00000000e0000000, 0x0000000100000000)
  region size 1024K, 48 young (49152K), 10 survivors (10240K)
 Metaspace       used 74519K, capacity 76404K, committed 76588K, reserved 321536K
  class space    used 9783K, capacity 10532K, committed 10624K, reserved 253952K
}
Event: 73.093 GC heap after
{Heap after GC invocations=14 (full 0):
 garbage-first heap   total 262144K, used 59904K [0x00000000e0000000, 0x0000000100000000)
  region size 1024K, 4 young (4096K), 4 survivors (4096K)
 Metaspace       used 74519K, capacity 76404K, committed 76588K, reserved 321536K
  class space    used 9783K, capacity 10532K, committed 10624K, reserved 253952K
}

